<?xml version="1.0" encoding="UTF-8"?>
<testng-results ignored="0" total="1" passed="1" failed="0" skipped="0">
  <reporter-output>
  </reporter-output>
  <suite started-at="2024-02-03T13:11:46 IST" name="Default suite" finished-at="2024-02-03T13:13:25 IST" duration-ms="98811">
    <groups>
    </groups>
    <test started-at="2024-02-03T13:11:46 IST" name="Default test" finished-at="2024-02-03T13:13:25 IST" duration-ms="98811">
      <class name="com.Learning_testing.extentReports">
        <test-method signature="loginTest()[pri:0, instance:com.Learning_testing.extentReports@45099dd3]" started-at="2024-02-03T13:11:46 IST" name="loginTest" finished-at="2024-02-03T13:13:25 IST" duration-ms="98707" status="PASS">
          <reporter-output>
          </reporter-output>
        </test-method> <!-- loginTest -->
      </class> <!-- com.Learning_testing.extentReports -->
    </test> <!-- Default test -->
  </suite> <!-- Default suite -->
</testng-results>
